== Sinatra/1.3.6 has taken the stage on 4567 for development with backup from Thin
Thin web server (v1.7.0 codename Dunder Mifflin)
Maximum connections set to 1024
Listening on 0.0.0.0:4567, CTRL+C to stop

From github.com:dfan14051/dfan.me
   5867e88..ba1d074  master     -> origin/master
Pushing files to distribution
Your branch is up-to-date with 'origin/master'.
127.0.0.1 - - [04/Apr/2017:19:40:08 -0400] "POST /payload HTTP/1.0" 200 - 0.6126
Updating 5867e88..ba1d074
Fast-forward
 html/index.html | 3 +++
 1 file changed, 3 insertions(+)

From github.com:dfan14051/dfan.me
   ba1d074..77253eb  master     -> origin/master
Pushing files to distribution
Your branch is up-to-date with 'origin/master'.
127.0.0.1 - - [04/Apr/2017:19:46:01 -0400] "POST /payload HTTP/1.0" 200 - 0.9683
127.0.0.1 - - [05/Apr/2017:11:12:55 -0400] "GET /payload HTTP/1.0" 404 443 0.0048
Updating ba1d074..77253eb
Fast-forward
 html/index.html | 4 +---
 1 file changed, 1 insertion(+), 3 deletions(-)
== Sinatra (v1.4.8) has taken the stage on 4567 for development with backup from Thin
Thin web server (v1.7.0 codename Dunder Mifflin)
Maximum connections set to 1024
Listening on localhost:4567, CTRL+C to stop
Unstaged changes after reset:
M	nohup.out
Warning: Permanently added the RSA host key for IP address '192.30.253.113' to the list of known hosts.
Permission denied (publickey).
fatal: Could not read from remote repository.

Please make sure you have the correct access rights
and the repository exists.
127.0.0.1 - - [05/Apr/2017:11:23:15 -0400] "POST /payload HTTP/1.0" 200 - 0.1573

Unstaged changes after reset:
M	nohup.out
Permission denied (publickey).
fatal: Could not read from remote repository.

Please make sure you have the correct access rights
and the repository exists.
127.0.0.1 - - [05/Apr/2017:20:27:35 -0400] "POST /payload HTTP/1.0" 200 - 0.1552

Unstaged changes after reset:
M	Gemfile.lock
M	nohup.out
Permission denied (publickey).
fatal: Could not read from remote repository.

Please make sure you have the correct access rights
and the repository exists.
127.0.0.1 - - [05/Apr/2017:21:56:09 -0400] "POST /payload HTTP/1.0" 200 - 0.1471

Unstaged changes after reset:
M	Gemfile.lock
M	nohup.out
Permission denied (publickey).
fatal: Could not read from remote repository.

Please make sure you have the correct access rights
and the repository exists.
127.0.0.1 - - [05/Apr/2017:21:59:26 -0400] "POST /payload HTTP/1.0" 200 - 0.1507

Unstaged changes after reset:
M	Gemfile.lock
M	nohup.out
Permission denied (publickey).
fatal: Could not read from remote repository.

Please make sure you have the correct access rights
and the repository exists.
127.0.0.1 - - [05/Apr/2017:22:00:18 -0400] "POST /payload HTTP/1.0" 200 - 0.1445

Unstaged changes after reset:
M	Gemfile.lock
M	nohup.out
Permission denied (publickey).
fatal: Could not read from remote repository.

Please make sure you have the correct access rights
and the repository exists.
127.0.0.1 - - [05/Apr/2017:22:02:22 -0400] "POST /payload HTTP/1.0" 200 - 0.1482

Unstaged changes after reset:
M	Gemfile.lock
M	nohup.out
Permission denied (publickey).
fatal: Could not read from remote repository.

Please make sure you have the correct access rights
and the repository exists.
127.0.0.1 - - [05/Apr/2017:22:05:17 -0400] "POST /payload HTTP/1.0" 200 - 0.1442

Unstaged changes after reset:
M	Gemfile.lock
M	nohup.out
Permission denied (publickey).
fatal: Could not read from remote repository.

Please make sure you have the correct access rights
and the repository exists.
127.0.0.1 - - [05/Apr/2017:22:08:11 -0400] "POST /payload HTTP/1.0" 200 - 0.1479

Unstaged changes after reset:
M	Gemfile.lock
M	nohup.out
Permission denied (publickey).
fatal: Could not read from remote repository.

Please make sure you have the correct access rights
and the repository exists.
127.0.0.1 - - [05/Apr/2017:22:10:28 -0400] "POST /payload HTTP/1.0" 200 - 0.1495

Unstaged changes after reset:
M	Gemfile.lock
M	nohup.out
Permission denied (publickey).
fatal: Could not read from remote repository.

Please make sure you have the correct access rights
and the repository exists.
127.0.0.1 - - [05/Apr/2017:22:11:23 -0400] "POST /payload HTTP/1.0" 200 - 0.1424

Unstaged changes after reset:
M	Gemfile.lock
M	nohup.out
Permission denied (publickey).
fatal: Could not read from remote repository.

Please make sure you have the correct access rights
and the repository exists.
127.0.0.1 - - [05/Apr/2017:22:19:20 -0400] "POST /payload HTTP/1.0" 200 - 0.1644

Unstaged changes after reset:
M	Gemfile.lock
M	nohup.out
Permission denied (publickey).
fatal: Could not read from remote repository.

Please make sure you have the correct access rights
and the repository exists.
127.0.0.1 - - [05/Apr/2017:22:21:19 -0400] "POST /payload HTTP/1.0" 200 - 0.1831
127.0.0.1 - - [05/Apr/2017:22:23:39 -0400] "GET /payload HTTP/1.0" 404 469 0.0085

Unstaged changes after reset:
M	Gemfile.lock
M	nohup.out
Permission denied (publickey).
fatal: Could not read from remote repository.

Please make sure you have the correct access rights
and the repository exists.
127.0.0.1 - - [05/Apr/2017:22:39:34 -0400] "POST /payload HTTP/1.0" 200 - 0.1674
